
> vite_react_shadcn_ts@0.0.0 dev
> vite


  VITE v5.4.19  ready in 397 ms

  ➜  Local:   http://localhost:5173/
  ➜  Network: http://192.168.0.2:5173/
Error:   Failed to scan for dependencies from entries:
  /app/client/index.html

  [31m✘ [41;31m[[41;97mERROR[41;31m][0m [1mUnexpected "*"[0m

    src/pages/Events.tsx:45:10:
[37m      45 │           [32m*[37m/}
         ╵           [32m^[0m


    at failureErrorWithLog (/app/client/node_modules/esbuild/lib/main.js:1472:15)
    at /app/client/node_modules/esbuild/lib/main.js:945:25
    at runOnEndCallbacks (/app/client/node_modules/esbuild/lib/main.js:1315:45)
    at buildResponseToResult (/app/client/node_modules/esbuild/lib/main.js:943:7)
    at /app/client/node_modules/esbuild/lib/main.js:955:9
    at new Promise (<anonymous>)
    at requestCallbacks.on-end (/app/client/node_modules/esbuild/lib/main.js:954:54)
    at handleRequest (/app/client/node_modules/esbuild/lib/main.js:647:17)
    at handleIncomingPacket (/app/client/node_modules/esbuild/lib/main.js:672:7)
    at Socket.readFromStdout (/app/client/node_modules/esbuild/lib/main.js:600:7)
Browserslist: browsers data (caniuse-lite) is 10 months old. Please run:
  npx update-browserslist-db@latest
  Why you should do it regularly: https://github.com/browserslist/update-db#readme
3:38:47 AM [vite] ✨ new dependencies optimized: axios
3:38:47 AM [vite] ✨ optimized dependencies changed. reloading
3:38:54 AM [vite] ✨ new dependencies optimized: @radix-ui/react-label, @radix-ui/react-dialog
3:38:54 AM [vite] ✨ optimized dependencies changed. reloading
3:38:57 AM [vite] ✨ new dependencies optimized: date-fns
3:38:57 AM [vite] ✨ optimized dependencies changed. reloading
